<?xml version="1.0" encoding="UTF-8"?>
<!-- Generated by org.testng.reporters.JUnitReportReporter -->
<testsuite skipped="0" hostname="AA-PC" name="p2.Class3" tests="3" failures="0" timestamp="02 Apr 2019 14:15:21 GMT" time="0.000" errors="0">
  <testcase name="tc009" time="0.000" classname="p2.Class3"/>
  <testcase name="tc007" time="0.000" classname="p2.Class3"/>
  <testcase name="tc008" time="0.000" classname="p2.Class3"/>
</testsuite> <!-- p2.Class3 -->
